2024-06-15 23:25:09 | ERROR | c.e.m.security.AuthTokenFilter | TOKEN: 
2024-06-15 23:25:09 | INFO  | c.e.m.security.AuthTokenFilter | Parsing JWT token...
2024-06-15 23:25:09 | INFO  | c.e.m.security.AuthTokenFilter | Getting Authorization header from request...
2024-06-15 23:25:09 | WARN  | c.e.m.security.AuthTokenFilter | Failed to find Bearer token in Authorization header!
2024-06-15 23:25:09 | INFO  | c.e.m.security.AuthTokenFilter | Validating JWT token...
2024-06-15 23:25:12 | ERROR | c.e.m.security.AuthTokenFilter | TOKEN: 
2024-06-15 23:25:12 | INFO  | c.e.m.security.AuthTokenFilter | Parsing JWT token...
2024-06-15 23:25:12 | INFO  | c.e.m.security.AuthTokenFilter | Getting Authorization header from request...
2024-06-15 23:25:12 | INFO  | c.e.m.security.AuthTokenFilter | Extracted Bearer token from Authorization header!
2024-06-15 23:25:12 | INFO  | c.e.m.security.AuthTokenFilter | Validating JWT token...
2024-06-15 23:25:12 | INFO  | c.e.m.security.AuthTokenFilter | Extracting username...
2024-06-15 23:25:12 | INFO  | c.e.m.security.AuthTokenFilter | Extracted username!
2024-06-15 23:25:12 | INFO  | c.e.m.security.AuthTokenFilter | Trying to authenticate user...
2024-06-15 23:25:12 | INFO  | c.e.m.security.AuthTokenFilter | Successfully authenticated user!
2024-06-15 23:25:18 | ERROR | c.e.m.security.AuthTokenFilter | TOKEN: 
2024-06-15 23:25:18 | INFO  | c.e.m.security.AuthTokenFilter | Parsing JWT token...
2024-06-15 23:25:18 | INFO  | c.e.m.security.AuthTokenFilter | Getting Authorization header from request...
2024-06-15 23:25:18 | INFO  | c.e.m.security.AuthTokenFilter | Extracted Bearer token from Authorization header!
2024-06-15 23:25:18 | INFO  | c.e.m.security.AuthTokenFilter | Validating JWT token...
2024-06-15 23:25:18 | ERROR | c.e.m.security.AuthTokenFilter | TOKEN: 
2024-06-15 23:25:18 | INFO  | c.e.m.security.AuthTokenFilter | Parsing JWT token...
2024-06-15 23:25:18 | INFO  | c.e.m.security.AuthTokenFilter | Getting Authorization header from request...
2024-06-15 23:25:18 | INFO  | c.e.m.security.AuthTokenFilter | Extracted Bearer token from Authorization header!
2024-06-15 23:25:18 | INFO  | c.e.m.security.AuthTokenFilter | Validating JWT token...
2024-06-15 23:25:18 | INFO  | c.e.m.security.AuthTokenFilter | Extracting username...
2024-06-15 23:25:18 | INFO  | c.e.m.security.AuthTokenFilter | Extracting username...
2024-06-15 23:25:18 | INFO  | c.e.m.security.AuthTokenFilter | Extracted username!
2024-06-15 23:25:18 | INFO  | c.e.m.security.AuthTokenFilter | Extracted username!
2024-06-15 23:25:18 | INFO  | c.e.m.security.AuthTokenFilter | Trying to authenticate user...
2024-06-15 23:25:18 | INFO  | c.e.m.security.AuthTokenFilter | Trying to authenticate user...
2024-06-15 23:25:18 | INFO  | c.e.m.security.AuthTokenFilter | Successfully authenticated user!
2024-06-15 23:25:18 | INFO  | c.e.m.security.AuthTokenFilter | Successfully authenticated user!
2024-06-15 23:25:25 | ERROR | c.e.m.security.AuthTokenFilter | TOKEN: 
2024-06-15 23:25:25 | INFO  | c.e.m.security.AuthTokenFilter | Parsing JWT token...
2024-06-15 23:25:25 | INFO  | c.e.m.security.AuthTokenFilter | Getting Authorization header from request...
2024-06-15 23:25:25 | INFO  | c.e.m.security.AuthTokenFilter | Extracted Bearer token from Authorization header!
2024-06-15 23:25:25 | INFO  | c.e.m.security.AuthTokenFilter | Validating JWT token...
2024-06-15 23:25:25 | ERROR | c.e.m.security.AuthTokenFilter | TOKEN: 
2024-06-15 23:25:25 | INFO  | c.e.m.security.AuthTokenFilter | Parsing JWT token...
2024-06-15 23:25:25 | INFO  | c.e.m.security.AuthTokenFilter | Getting Authorization header from request...
2024-06-15 23:25:25 | INFO  | c.e.m.security.AuthTokenFilter | Extracted Bearer token from Authorization header!
2024-06-15 23:25:25 | INFO  | c.e.m.security.AuthTokenFilter | Validating JWT token...
2024-06-15 23:25:25 | INFO  | c.e.m.security.AuthTokenFilter | Extracting username...
2024-06-15 23:25:25 | INFO  | c.e.m.security.AuthTokenFilter | Extracting username...
2024-06-15 23:25:25 | INFO  | c.e.m.security.AuthTokenFilter | Extracted username!
2024-06-15 23:25:25 | INFO  | c.e.m.security.AuthTokenFilter | Extracted username!
2024-06-15 23:25:25 | INFO  | c.e.m.security.AuthTokenFilter | Trying to authenticate user...
2024-06-15 23:25:25 | INFO  | c.e.m.security.AuthTokenFilter | Trying to authenticate user...
2024-06-15 23:25:25 | INFO  | c.e.m.security.AuthTokenFilter | Successfully authenticated user!
2024-06-15 23:25:25 | INFO  | c.e.m.security.AuthTokenFilter | Successfully authenticated user!
2024-06-15 23:25:39 | ERROR | o.a.c.c.C.[.[.[.[dispatcherServlet] | Servlet.service() for servlet [dispatcherServlet] in context with path [] threw exception [Request processing failed: org.springframework.web.client.ResourceAccessException: I/O error on GET request for "http://10.13.13.1:3000/": Connection timed out: connect] with root cause
java.net.ConnectException: Connection timed out: connect
	at java.base/sun.nio.ch.Net.connect0(Native Method)
	at java.base/sun.nio.ch.Net.connect(Net.java:579)
	at java.base/sun.nio.ch.Net.connect(Net.java:568)
	at java.base/sun.nio.ch.NioSocketImpl.connect(NioSocketImpl.java:593)
	at java.base/java.net.Socket.connect(Socket.java:633)
	at java.base/java.net.Socket.connect(Socket.java:583)
	at java.base/sun.net.NetworkClient.doConnect(NetworkClient.java:183)
	at java.base/sun.net.www.http.HttpClient.openServer(HttpClient.java:533)
	at java.base/sun.net.www.http.HttpClient.openServer(HttpClient.java:638)
	at java.base/sun.net.www.http.HttpClient.<init>(HttpClient.java:281)
	at java.base/sun.net.www.http.HttpClient.New(HttpClient.java:386)
	at java.base/sun.net.www.http.HttpClient.New(HttpClient.java:408)
	at java.base/sun.net.www.protocol.http.HttpURLConnection.getNewHttpClient(HttpURLConnection.java:1309)
	at java.base/sun.net.www.protocol.http.HttpURLConnection.plainConnect0(HttpURLConnection.java:1242)
	at java.base/sun.net.www.protocol.http.HttpURLConnection.plainConnect(HttpURLConnection.java:1128)
	at java.base/sun.net.www.protocol.http.HttpURLConnection.connect(HttpURLConnection.java:1057)
	at org.springframework.http.client.SimpleClientHttpRequest.executeInternal(SimpleClientHttpRequest.java:79)
	at org.springframework.http.client.AbstractStreamingClientHttpRequest.executeInternal(AbstractStreamingClientHttpRequest.java:70)
	at org.springframework.http.client.AbstractClientHttpRequest.execute(AbstractClientHttpRequest.java:66)
	at org.springframework.web.client.RestTemplate.doExecute(RestTemplate.java:889)
	at org.springframework.web.client.RestTemplate.execute(RestTemplate.java:790)
	at org.springframework.web.client.RestTemplate.getForObject(RestTemplate.java:404)
	at com.example.marketingagencymanagement.controller.VPNController.get(VPNController.java:22)
	at java.base/jdk.internal.reflect.NativeMethodAccessorImpl.invoke0(Native Method)
	at java.base/jdk.internal.reflect.NativeMethodAccessorImpl.invoke(NativeMethodAccessorImpl.java:77)
	at java.base/jdk.internal.reflect.DelegatingMethodAccessorImpl.invoke(DelegatingMethodAccessorImpl.java:43)
	at java.base/java.lang.reflect.Method.invoke(Method.java:568)
	at org.springframework.web.method.support.InvocableHandlerMethod.doInvoke(InvocableHandlerMethod.java:255)
	at org.springframework.web.method.support.InvocableHandlerMethod.invokeForRequest(InvocableHandlerMethod.java:188)
	at org.springframework.web.servlet.mvc.method.annotation.ServletInvocableHandlerMethod.invokeAndHandle(ServletInvocableHandlerMethod.java:118)
	at org.springframework.web.servlet.mvc.method.annotation.RequestMappingHandlerAdapter.invokeHandlerMethod(RequestMappingHandlerAdapter.java:926)
	at org.springframework.web.servlet.mvc.method.annotation.RequestMappingHandlerAdapter.handleInternal(RequestMappingHandlerAdapter.java:831)
	at org.springframework.web.servlet.mvc.method.AbstractHandlerMethodAdapter.handle(AbstractHandlerMethodAdapter.java:87)
	at org.springframework.web.servlet.DispatcherServlet.doDispatch(DispatcherServlet.java:1089)
	at org.springframework.web.servlet.DispatcherServlet.doService(DispatcherServlet.java:979)
	at org.springframework.web.servlet.FrameworkServlet.processRequest(FrameworkServlet.java:1014)
	at org.springframework.web.servlet.FrameworkServlet.doGet(FrameworkServlet.java:903)
	at jakarta.servlet.http.HttpServlet.service(HttpServlet.java:564)
	at org.springframework.web.servlet.FrameworkServlet.service(FrameworkServlet.java:885)
	at jakarta.servlet.http.HttpServlet.service(HttpServlet.java:658)
	at org.apache.catalina.core.ApplicationFilterChain.internalDoFilter(ApplicationFilterChain.java:206)
	at org.apache.catalina.core.ApplicationFilterChain.doFilter(ApplicationFilterChain.java:150)
	at org.apache.tomcat.websocket.server.WsFilter.doFilter(WsFilter.java:51)
	at org.apache.catalina.core.ApplicationFilterChain.internalDoFilter(ApplicationFilterChain.java:175)
	at org.apache.catalina.core.ApplicationFilterChain.doFilter(ApplicationFilterChain.java:150)
	at com.example.marketingagencymanagement.security.AuthTokenFilter.doFilterInternal(AuthTokenFilter.java:64)
	at org.springframework.web.filter.OncePerRequestFilter.doFilter(OncePerRequestFilter.java:116)
	at org.apache.catalina.core.ApplicationFilterChain.internalDoFilter(ApplicationFilterChain.java:175)
	at org.apache.catalina.core.ApplicationFilterChain.doFilter(ApplicationFilterChain.java:150)
	at org.springframework.web.filter.CompositeFilter$VirtualFilterChain.doFilter(CompositeFilter.java:108)
	at org.springframework.security.web.FilterChainProxy.lambda$doFilterInternal$3(FilterChainProxy.java:231)
	at org.springframework.security.web.FilterChainProxy$VirtualFilterChain.doFilter(FilterChainProxy.java:365)
	at org.springframework.security.web.access.intercept.AuthorizationFilter.doFilter(AuthorizationFilter.java:100)
	at org.springframework.security.web.FilterChainProxy$VirtualFilterChain.doFilter(FilterChainProxy.java:374)
	at org.springframework.security.web.access.ExceptionTranslationFilter.doFilter(ExceptionTranslationFilter.java:126)
	at org.springframework.security.web.access.ExceptionTranslationFilter.doFilter(ExceptionTranslationFilter.java:120)
	at org.springframework.security.web.FilterChainProxy$VirtualFilterChain.doFilter(FilterChainProxy.java:374)
	at org.springframework.security.web.session.SessionManagementFilter.doFilter(SessionManagementFilter.java:131)
	at org.springframework.security.web.session.SessionManagementFilter.doFilter(SessionManagementFilter.java:85)
	at org.springframework.security.web.FilterChainProxy$VirtualFilterChain.doFilter(FilterChainProxy.java:374)
	at org.springframework.security.web.authentication.AnonymousAuthenticationFilter.doFilter(AnonymousAuthenticationFilter.java:100)
	at org.springframework.security.web.FilterChainProxy$VirtualFilterChain.doFilter(FilterChainProxy.java:374)
	at org.springframework.security.web.servletapi.SecurityContextHolderAwareRequestFilter.doFilter(SecurityContextHolderAwareRequestFilter.java:179)
	at org.springframework.security.web.FilterChainProxy$VirtualFilterChain.doFilter(FilterChainProxy.java:374)
	at org.springframework.security.web.savedrequest.RequestCacheAwareFilter.doFilter(RequestCacheAwareFilter.java:63)
	at org.springframework.security.web.FilterChainProxy$VirtualFilterChain.doFilter(FilterChainProxy.java:374)
	at org.springframework.security.web.authentication.logout.LogoutFilter.doFilter(LogoutFilter.java:107)
	at org.springframework.security.web.authentication.logout.LogoutFilter.doFilter(LogoutFilter.java:93)
	at org.springframework.security.web.FilterChainProxy$VirtualFilterChain.doFilter(FilterChainProxy.java:374)
	at org.springframework.web.filter.CorsFilter.doFilterInternal(CorsFilter.java:91)
	at org.springframework.web.filter.OncePerRequestFilter.doFilter(OncePerRequestFilter.java:116)
	at org.springframework.security.web.FilterChainProxy$VirtualFilterChain.doFilter(FilterChainProxy.java:374)
	at org.springframework.security.web.header.HeaderWriterFilter.doHeadersAfter(HeaderWriterFilter.java:90)
	at org.springframework.security.web.header.HeaderWriterFilter.doFilterInternal(HeaderWriterFilter.java:75)
	at org.springframework.web.filter.OncePerRequestFilter.doFilter(OncePerRequestFilter.java:116)
	at org.springframework.security.web.FilterChainProxy$VirtualFilterChain.doFilter(FilterChainProxy.java:374)
	at org.springframework.security.web.context.SecurityContextHolderFilter.doFilter(SecurityContextHolderFilter.java:82)
	at org.springframework.security.web.context.SecurityContextHolderFilter.doFilter(SecurityContextHolderFilter.java:69)
	at org.springframework.security.web.FilterChainProxy$VirtualFilterChain.doFilter(FilterChainProxy.java:374)
	at org.springframework.security.web.context.request.async.WebAsyncManagerIntegrationFilter.doFilterInternal(WebAsyncManagerIntegrationFilter.java:62)
	at org.springframework.web.filter.OncePerRequestFilter.doFilter(OncePerRequestFilter.java:116)
	at org.springframework.security.web.FilterChainProxy$VirtualFilterChain.doFilter(FilterChainProxy.java:374)
	at org.springframework.security.web.session.DisableEncodeUrlFilter.doFilterInternal(DisableEncodeUrlFilter.java:42)
	at org.springframework.web.filter.OncePerRequestFilter.doFilter(OncePerRequestFilter.java:116)
	at org.springframework.security.web.FilterChainProxy$VirtualFilterChain.doFilter(FilterChainProxy.java:374)
	at org.springframework.security.web.FilterChainProxy.doFilterInternal(FilterChainProxy.java:233)
	at org.springframework.security.web.FilterChainProxy.doFilter(FilterChainProxy.java:191)
	at org.springframework.web.filter.CompositeFilter$VirtualFilterChain.doFilter(CompositeFilter.java:113)
	at org.springframework.web.servlet.handler.HandlerMappingIntrospector.lambda$createCacheFilter$3(HandlerMappingIntrospector.java:195)
	at org.springframework.web.filter.CompositeFilter$VirtualFilterChain.doFilter(CompositeFilter.java:113)
	at org.springframework.web.filter.CompositeFilter.doFilter(CompositeFilter.java:74)
	at org.springframework.security.config.annotation.web.configuration.WebMvcSecurityConfiguration$CompositeFilterChainProxy.doFilter(WebMvcSecurityConfiguration.java:230)
	at org.springframework.web.filter.DelegatingFilterProxy.invokeDelegate(DelegatingFilterProxy.java:352)
	at org.springframework.web.filter.DelegatingFilterProxy.doFilter(DelegatingFilterProxy.java:268)
	at org.apache.catalina.core.ApplicationFilterChain.internalDoFilter(ApplicationFilterChain.java:175)
	at org.apache.catalina.core.ApplicationFilterChain.doFilter(ApplicationFilterChain.java:150)
	at org.springframework.session.web.http.SessionRepositoryFilter.doFilterInternal(SessionRepositoryFilter.java:142)
	at org.springframework.session.web.http.OncePerRequestFilter.doFilter(OncePerRequestFilter.java:82)
	at org.springframework.web.filter.DelegatingFilterProxy.invokeDelegate(DelegatingFilterProxy.java:352)
	at org.springframework.web.filter.DelegatingFilterProxy.doFilter(DelegatingFilterProxy.java:268)
	at org.apache.catalina.core.ApplicationFilterChain.internalDoFilter(ApplicationFilterChain.java:175)
	at org.apache.catalina.core.ApplicationFilterChain.doFilter(ApplicationFilterChain.java:150)
	at org.springframework.web.filter.CharacterEncodingFilter.doFilterInternal(CharacterEncodingFilter.java:201)
	at org.springframework.web.filter.OncePerRequestFilter.doFilter(OncePerRequestFilter.java:116)
	at org.apache.catalina.core.ApplicationFilterChain.internalDoFilter(ApplicationFilterChain.java:175)
	at org.apache.catalina.core.ApplicationFilterChain.doFilter(ApplicationFilterChain.java:150)
	at org.apache.catalina.core.StandardWrapperValve.invoke(StandardWrapperValve.java:167)
	at org.apache.catalina.core.StandardContextValve.invoke(StandardContextValve.java:90)
	at org.apache.catalina.authenticator.AuthenticatorBase.invoke(AuthenticatorBase.java:482)
	at org.apache.catalina.core.StandardHostValve.invoke(StandardHostValve.java:115)
	at org.apache.catalina.valves.ErrorReportValve.invoke(ErrorReportValve.java:93)
	at org.apache.catalina.core.StandardEngineValve.invoke(StandardEngineValve.java:74)
	at org.apache.catalina.connector.CoyoteAdapter.service(CoyoteAdapter.java:344)
	at org.apache.coyote.http11.Http11Processor.service(Http11Processor.java:391)
	at org.apache.coyote.AbstractProcessorLight.process(AbstractProcessorLight.java:63)
	at org.apache.coyote.AbstractProtocol$ConnectionHandler.process(AbstractProtocol.java:896)
	at org.apache.tomcat.util.net.NioEndpoint$SocketProcessor.doRun(NioEndpoint.java:1736)
	at org.apache.tomcat.util.net.SocketProcessorBase.run(SocketProcessorBase.java:52)
	at org.apache.tomcat.util.threads.ThreadPoolExecutor.runWorker(ThreadPoolExecutor.java:1191)
	at org.apache.tomcat.util.threads.ThreadPoolExecutor$Worker.run(ThreadPoolExecutor.java:659)
	at org.apache.tomcat.util.threads.TaskThread$WrappingRunnable.run(TaskThread.java:63)
	at java.base/java.lang.Thread.run(Thread.java:840)
